# JRE version: OpenJDK Runtime Environment (8.0_212-b04) (build 1.8.0_212-release-1586-b04)
# Java VM: OpenJDK 64-Bit Server VM (25.212-b04 mixed mode windows-amd64 compressed oops)
Heap:
 PSYoungGen      total 238592K, used 238572K [0x00000000e0000000, 0x00000000f3300000, 0x0000000100000000)
  eden space 204800K, 100% used [0x00000000e0000000,0x00000000ec800000,0x00000000ec800000)
  from space 33792K, 99% used [0x00000000ec800000,0x00000000ee8fb150,0x00000000ee900000)
  to   space 42496K, 62% used [0x00000000f0980000,0x00000000f239c050,0x00000000f3300000)
 ParOldGen       total 150528K, used 90389K [0x00000000a0000000, 0x00000000a9300000, 0x00000000e0000000)
  object space 150528K, 60% used [0x00000000a0000000,0x00000000a58454a8,0x00000000a9300000)
 Metaspace       used 83312K, capacity 88238K, committed 88448K, reserved 1126400K
  class space    used 11003K, capacity 12045K, committed 12160K, reserved 1048576K
GC Heap History (10 events):
Event: 8.016 GC heap after
Heap after GC invocations=16 (full 3):
 PSYoungGen      total 171008K, used 16411K [0x00000000e0000000, 0x00000000ed780000, 0x0000000100000000)
  eden space 150528K, 0% used [0x00000000e0000000,0x00000000e0000000,0x00000000e9300000)
  from space 20480K, 80% used [0x00000000e9300000,0x00000000ea306ed0,0x00000000ea700000)
  to   space 22016K, 0% used [0x00000000ec200000,0x00000000ec200000,0x00000000ed780000)
 ParOldGen       total 150528K, used 35838K [0x00000000a0000000, 0x00000000a9300000, 0x00000000e0000000)
  object space 150528K, 23% used [0x00000000a0000000,0x00000000a22ff9c8,0x00000000a9300000)
 Metaspace       used 63571K, capacity 66196K, committed 66432K, reserved 1105920K
  class space    used 8669K, capacity 9319K, committed 9344K, reserved 1048576K
}
Event: 9.188 GC heap before
{Heap before GC invocations=17 (full 3):
 PSYoungGen      total 171008K, used 166939K [0x00000000e0000000, 0x00000000ed780000, 0x0000000100000000)
  eden space 150528K, 100% used [0x00000000e0000000,0x00000000e9300000,0x00000000e9300000)
  from space 20480K, 80% used [0x00000000e9300000,0x00000000ea306ed0,0x00000000ea700000)
  to   space 22016K, 0% used [0x00000000ec200000,0x00000000ec200000,0x00000000ed780000)
 ParOldGen       total 150528K, used 35838K [0x00000000a0000000, 0x00000000a9300000, 0x00000000e0000000)
  object space 150528K, 23% used [0x00000000a0000000,0x00000000a22ff9c8,0x00000000a9300000)
 Metaspace       used 69198K, capacity 72784K, committed 73088K, reserved 1112064K
  class space    used 9472K, capacity 10293K, committed 10368K, reserved 1048576K
Event: 9.204 GC heap after
Heap after GC invocations=17 (full 3):
 PSYoungGen      total 194560K, used 22012K [0x00000000e0000000, 0x00000000edf80000, 0x0000000100000000)
  eden space 172544K, 0% used [0x00000000e0000000,0x00000000e0000000,0x00000000ea880000)
  from space 22016K, 99% used [0x00000000ec200000,0x00000000ed77f050,0x00000000ed780000)
  to   space 26112K, 0% used [0x00000000ea880000,0x00000000ea880000,0x00000000ec200000)
 ParOldGen       total 150528K, used 38879K [0x00000000a0000000, 0x00000000a9300000, 0x00000000e0000000)
  object space 150528K, 25% used [0x00000000a0000000,0x00000000a25f7ef8,0x00000000a9300000)
 Metaspace       used 69198K, capacity 72784K, committed 73088K, reserved 1112064K
  class space    used 9472K, capacity 10293K, committed 10368K, reserved 1048576K
}
Event: 10.277 GC heap before
{Heap before GC invocations=18 (full 3):
 PSYoungGen      total 194560K, used 194556K [0x00000000e0000000, 0x00000000edf80000, 0x0000000100000000)
  eden space 172544K, 100% used [0x00000000e0000000,0x00000000ea880000,0x00000000ea880000)
  from space 22016K, 99% used [0x00000000ec200000,0x00000000ed77f050,0x00000000ed780000)
  to   space 26112K, 0% used [0x00000000ea880000,0x00000000ea880000,0x00000000ec200000)
 ParOldGen       total 150528K, used 38879K [0x00000000a0000000, 0x00000000a9300000, 0x00000000e0000000)
  object space 150528K, 25% used [0x00000000a0000000,0x00000000a25f7ef8,0x00000000a9300000)
 Metaspace       used 74671K, capacity 78628K, committed 78848K, reserved 1118208K
  class space    used 10128K, capacity 10989K, committed 11008K, reserved 1048576K
Event: 10.298 GC heap after
Heap after GC invocations=18 (full 3):
 PSYoungGen      total 198656K, used 26110K [0x00000000e0000000, 0x00000000f0a00000, 0x0000000100000000)
  eden space 172544K, 0% used [0x00000000e0000000,0x00000000e0000000,0x00000000ea880000)
  from space 26112K, 99% used [0x00000000ea880000,0x00000000ec1ffbc8,0x00000000ec200000)
  to   space 33792K, 0% used [0x00000000ee900000,0x00000000ee900000,0x00000000f0a00000)
 ParOldGen       total 150528K, used 49320K [0x00000000a0000000, 0x00000000a9300000, 0x00000000e0000000)
  object space 150528K, 32% used [0x00000000a0000000,0x00000000a302a2b0,0x00000000a9300000)
 Metaspace       used 74671K, capacity 78628K, committed 78848K, reserved 1118208K
  class space    used 10128K, capacity 10989K, committed 11008K, reserved 1048576K
}
Event: 11.304 GC heap before
{Heap before GC invocations=19 (full 3):
 PSYoungGen      total 198656K, used 198654K [0x00000000e0000000, 0x00000000f0a00000, 0x0000000100000000)
  eden space 172544K, 100% used [0x00000000e0000000,0x00000000ea880000,0x00000000ea880000)
  from space 26112K, 99% used [0x00000000ea880000,0x00000000ec1ffbc8,0x00000000ec200000)
  to   space 33792K, 0% used [0x00000000ee900000,0x00000000ee900000,0x00000000f0a00000)
 ParOldGen       total 150528K, used 49320K [0x00000000a0000000, 0x00000000a9300000, 0x00000000e0000000)
  object space 150528K, 32% used [0x00000000a0000000,0x00000000a302a2b0,0x00000000a9300000)
 Metaspace       used 76707K, capacity 80764K, committed 80896K, reserved 1118208K
  class space    used 10356K, capacity 11192K, committed 11264K, reserved 1048576K
Event: 11.332 GC heap after
Heap after GC invocations=19 (full 3):
 PSYoungGen      total 238592K, used 20057K [0x00000000e0000000, 0x00000000f0e80000, 0x0000000100000000)
  eden space 204800K, 0% used [0x00000000e0000000,0x00000000e0000000,0x00000000ec800000)
  from space 33792K, 59% used [0x00000000ee900000,0x00000000efc96488,0x00000000f0a00000)
  to   space 33792K, 0% used [0x00000000ec800000,0x00000000ec800000,0x00000000ee900000)
 ParOldGen       total 150528K, used 67387K [0x00000000a0000000, 0x00000000a9300000, 0x00000000e0000000)
  object space 150528K, 44% used [0x00000000a0000000,0x00000000a41cee70,0x00000000a9300000)
 Metaspace       used 76707K, capacity 80764K, committed 80896K, reserved 1118208K
  class space    used 10356K, capacity 11192K, committed 11264K, reserved 1048576K
}
Event: 24.111 GC heap before
{Heap before GC invocations=20 (full 3):
 PSYoungGen      total 238592K, used 224857K [0x00000000e0000000, 0x00000000f0e80000, 0x0000000100000000)
  eden space 204800K, 100% used [0x00000000e0000000,0x00000000ec800000,0x00000000ec800000)
  from space 33792K, 59% used [0x00000000ee900000,0x00000000efc96488,0x00000000f0a00000)
  to   space 33792K, 0% used [0x00000000ec800000,0x00000000ec800000,0x00000000ee900000)
 ParOldGen       total 150528K, used 67387K [0x00000000a0000000, 0x00000000a9300000, 0x00000000e0000000)
  object space 150528K, 44% used [0x00000000a0000000,0x00000000a41cee70,0x00000000a9300000)
 Metaspace       used 82300K, capacity 87200K, committed 87424K, reserved 1124352K
  class space    used 10865K, capacity 11880K, committed 11904K, reserved 1048576K
Event: 24.139 GC heap after
Heap after GC invocations=20 (full 3):
 PSYoungGen      total 238592K, used 33772K [0x00000000e0000000, 0x00000000f3300000, 0x0000000100000000)
  eden space 204800K, 0% used [0x00000000e0000000,0x00000000e0000000,0x00000000ec800000)
  from space 33792K, 99% used [0x00000000ec800000,0x00000000ee8fb150,0x00000000ee900000)
  to   space 42496K, 0% used [0x00000000f0980000,0x00000000f0980000,0x00000000f3300000)
 ParOldGen       total 150528K, used 76743K [0x00000000a0000000, 0x00000000a9300000, 0x00000000e0000000)
  object space 150528K, 50% used [0x00000000a0000000,0x00000000a4af1cf8,0x00000000a9300000)
 Metaspace       used 82300K, capacity 87200K, committed 87424K, reserved 1124352K
  class space    used 10865K, capacity 11880K, committed 11904K, reserved 1048576K
}
Event: 25.429 GC heap before
{Heap before GC invocations=21 (full 3):
 PSYoungGen      total 238592K, used 238572K [0x00000000e0000000, 0x00000000f3300000, 0x0000000100000000)
  eden space 204800K, 100% used [0x00000000e0000000,0x00000000ec800000,0x00000000ec800000)
  from space 33792K, 99% used [0x00000000ec800000,0x00000000ee8fb150,0x00000000ee900000)
  to   space 42496K, 0% used [0x00000000f0980000,0x00000000f0980000,0x00000000f3300000)
 ParOldGen       total 150528K, used 76743K [0x00000000a0000000, 0x00000000a9300000, 0x00000000e0000000)
  object space 150528K, 50% used [0x00000000a0000000,0x00000000a4af1cf8,0x00000000a9300000)
 Metaspace       used 83312K, capacity 88238K, committed 88448K, reserved 1126400K
  class space    used 11003K, capacity 12045K, committed 12160K, reserved 1048576K

